CRITICAL - 2024-02-07 02:04:08 --> CodeIgniter\View\Exceptions\ViewException: Invalid file: "welcome_message.php"
in SYSTEMPATH\Exceptions\FrameworkException.php on line 39.
 1 SYSTEMPATH\View\View.php(216): CodeIgniter\Exceptions\FrameworkException::forInvalidFile('welcome_message.php')
 2 SYSTEMPATH\Common.php(1178): CodeIgniter\View\View->render('welcome_message', [], true)
 3 APPPATH\Controllers\Home.php(9): view('welcome_message')
 4 SYSTEMPATH\CodeIgniter.php(941): App\Controllers\Home->index()
 5 SYSTEMPATH\CodeIgniter.php(502): CodeIgniter\CodeIgniter->runController(Object(App\Controllers\Home))
 6 SYSTEMPATH\CodeIgniter.php(361): CodeIgniter\CodeIgniter->handleRequest(null, Object(Config\Cache), false)
 7 FCPATH\index.php(79): CodeIgniter\CodeIgniter->run()
CRITICAL - 2024-02-07 02:40:19 --> Error: Undefined constant "p"
in APPPATH\Views\productos.php on line 55.
 1 SYSTEMPATH\View\View.php(228): include()
 2 SYSTEMPATH\View\View.php(231): CodeIgniter\View\View->CodeIgniter\View\{closure}()
 3 SYSTEMPATH\Common.php(1178): CodeIgniter\View\View->render('productos', [], true)
 4 APPPATH\Controllers\Home.php(24): view('productos', [...])
 5 SYSTEMPATH\CodeIgniter.php(941): App\Controllers\Home->listar()
 6 SYSTEMPATH\CodeIgniter.php(502): CodeIgniter\CodeIgniter->runController(Object(App\Controllers\Home))
 7 SYSTEMPATH\CodeIgniter.php(361): CodeIgniter\CodeIgniter->handleRequest(null, Object(Config\Cache), false)
 8 FCPATH\index.php(79): CodeIgniter\CodeIgniter->run()
CRITICAL - 2024-02-07 03:09:33 --> ErrorException: Array to string conversion
in SYSTEMPATH\Database\Query.php on line 327.
 1 [internal function]: CodeIgniter\Debug\Exceptions->errorHandler(2, 'Array to string conversion', 'C:\\xampp\\htdocs\\examen\\system\\Database\\Query.php', 327)
 2 SYSTEMPATH\Database\Query.php(327): implode(',', [...])
 3 SYSTEMPATH\Database\Query.php(308): CodeIgniter\Database\Query->matchNamedBinds('UPDATE `tbl_productos` `pd` SET `pd`.`prov_id` = :pd.prov_id:
WHERE `pd`.`prod_id` = :pd.prod_id:', [...])
 4 SYSTEMPATH\Database\Query.php(159): CodeIgniter\Database\Query->compileBinds()
 5 SYSTEMPATH\Database\BaseConnection.php(607): CodeIgniter\Database\Query->getQuery()
 6 SYSTEMPATH\Database\BaseBuilder.php(2474): CodeIgniter\Database\BaseConnection->query('UPDATE `tbl_productos` `pd` SET `pd`.`prov_id` = :pd.prov_id:
WHERE `pd`.`prod_id` = :pd.prod_id:', [...], false)
 7 APPPATH\Models\modeloProductos.php(27): CodeIgniter\Database\BaseBuilder->update()
 8 APPPATH\Controllers\Home.php(34): App\Models\modeloProductos->actualizarProveedor([...], [...])
 9 SYSTEMPATH\CodeIgniter.php(941): App\Controllers\Home->actualizar()
10 SYSTEMPATH\CodeIgniter.php(502): CodeIgniter\CodeIgniter->runController(Object(App\Controllers\Home))
11 SYSTEMPATH\CodeIgniter.php(361): CodeIgniter\CodeIgniter->handleRequest(null, Object(Config\Cache), false)
12 FCPATH\index.php(79): CodeIgniter\CodeIgniter->run()
ERROR - 2024-02-07 03:21:55 --> mysqli_sql_exception: Unknown column 'pd.prod_id' in 'where clause' in C:\xampp\htdocs\examen\system\Database\MySQLi\Connection.php:306
Stack trace:
#0 C:\xampp\htdocs\examen\system\Database\MySQLi\Connection.php(306): mysqli->query('DELETE FROM `tb...', 0)
#1 C:\xampp\htdocs\examen\system\Database\BaseConnection.php(693): CodeIgniter\Database\MySQLi\Connection->execute('DELETE FROM `tb...')
#2 C:\xampp\htdocs\examen\system\Database\BaseConnection.php(607): CodeIgniter\Database\BaseConnection->simpleQuery('DELETE FROM `tb...')
#3 C:\xampp\htdocs\examen\system\Database\BaseBuilder.php(2787): CodeIgniter\Database\BaseConnection->query('DELETE FROM `tb...', Array, false)
#4 C:\xampp\htdocs\examen\app\Models\modeloProductos.php(34): CodeIgniter\Database\BaseBuilder->delete()
#5 C:\xampp\htdocs\examen\app\Controllers\Home.php(49): App\Models\modeloProductos->eliminarProducto('11')
#6 C:\xampp\htdocs\examen\system\CodeIgniter.php(941): App\Controllers\Home->eliminar('11')
#7 C:\xampp\htdocs\examen\system\CodeIgniter.php(502): CodeIgniter\CodeIgniter->runController(Object(App\Controllers\Home))
#8 C:\xampp\htdocs\examen\system\CodeIgniter.php(361): CodeIgniter\CodeIgniter->handleRequest(NULL, Object(Config\Cache), false)
#9 C:\xampp\htdocs\examen\index.php(79): CodeIgniter\CodeIgniter->run()
#10 {main}
CRITICAL - 2024-02-07 03:21:55 --> CodeIgniter\Database\Exceptions\DatabaseException: Unknown column 'pd.prod_id' in 'where clause'
in SYSTEMPATH\Database\BaseConnection.php on line 647.
 1 SYSTEMPATH\Database\BaseBuilder.php(2787): CodeIgniter\Database\BaseConnection->query('DELETE FROM `tbl_productos`
WHERE `pd`.`prod_id` = :pd.prod_id:', [...], false)
 2 APPPATH\Models\modeloProductos.php(34): CodeIgniter\Database\BaseBuilder->delete()
 3 APPPATH\Controllers\Home.php(49): App\Models\modeloProductos->eliminarProducto('11')
 4 SYSTEMPATH\CodeIgniter.php(941): App\Controllers\Home->eliminar('11')
 5 SYSTEMPATH\CodeIgniter.php(502): CodeIgniter\CodeIgniter->runController(Object(App\Controllers\Home))
 6 SYSTEMPATH\CodeIgniter.php(361): CodeIgniter\CodeIgniter->handleRequest(null, Object(Config\Cache), false)
 7 FCPATH\index.php(79): CodeIgniter\CodeIgniter->run()
CRITICAL - 2024-02-07 03:21:55 --> [Caused by] CodeIgniter\Database\Exceptions\DatabaseException: Unknown column 'pd.prod_id' in 'where clause'
in SYSTEMPATH\Database\MySQLi\Connection.php on line 311.
 1 SYSTEMPATH\Database\BaseConnection.php(693): CodeIgniter\Database\MySQLi\Connection->execute('DELETE FROM `tbl_productos`
WHERE `pd`.`prod_id` = \'11\'')
 2 SYSTEMPATH\Database\BaseConnection.php(607): CodeIgniter\Database\BaseConnection->simpleQuery('DELETE FROM `tbl_productos`
WHERE `pd`.`prod_id` = \'11\'')
 3 SYSTEMPATH\Database\BaseBuilder.php(2787): CodeIgniter\Database\BaseConnection->query('DELETE FROM `tbl_productos`
WHERE `pd`.`prod_id` = :pd.prod_id:', [...], false)
 4 APPPATH\Models\modeloProductos.php(34): CodeIgniter\Database\BaseBuilder->delete()
 5 APPPATH\Controllers\Home.php(49): App\Models\modeloProductos->eliminarProducto('11')
 6 SYSTEMPATH\CodeIgniter.php(941): App\Controllers\Home->eliminar('11')
 7 SYSTEMPATH\CodeIgniter.php(502): CodeIgniter\CodeIgniter->runController(Object(App\Controllers\Home))
 8 SYSTEMPATH\CodeIgniter.php(361): CodeIgniter\CodeIgniter->handleRequest(null, Object(Config\Cache), false)
 9 FCPATH\index.php(79): CodeIgniter\CodeIgniter->run()
CRITICAL - 2024-02-07 03:21:55 --> [Caused by] mysqli_sql_exception: Unknown column 'pd.prod_id' in 'where clause'
in SYSTEMPATH\Database\MySQLi\Connection.php on line 306.
 1 SYSTEMPATH\Database\MySQLi\Connection.php(306): mysqli->query('DELETE FROM `tbl_productos`
WHERE `pd`.`prod_id` = \'11\'', 0)
 2 SYSTEMPATH\Database\BaseConnection.php(693): CodeIgniter\Database\MySQLi\Connection->execute('DELETE FROM `tbl_productos`
WHERE `pd`.`prod_id` = \'11\'')
 3 SYSTEMPATH\Database\BaseConnection.php(607): CodeIgniter\Database\BaseConnection->simpleQuery('DELETE FROM `tbl_productos`
WHERE `pd`.`prod_id` = \'11\'')
 4 SYSTEMPATH\Database\BaseBuilder.php(2787): CodeIgniter\Database\BaseConnection->query('DELETE FROM `tbl_productos`
WHERE `pd`.`prod_id` = :pd.prod_id:', [...], false)
 5 APPPATH\Models\modeloProductos.php(34): CodeIgniter\Database\BaseBuilder->delete()
 6 APPPATH\Controllers\Home.php(49): App\Models\modeloProductos->eliminarProducto('11')
 7 SYSTEMPATH\CodeIgniter.php(941): App\Controllers\Home->eliminar('11')
 8 SYSTEMPATH\CodeIgniter.php(502): CodeIgniter\CodeIgniter->runController(Object(App\Controllers\Home))
 9 SYSTEMPATH\CodeIgniter.php(361): CodeIgniter\CodeIgniter->handleRequest(null, Object(Config\Cache), false)
10 FCPATH\index.php(79): CodeIgniter\CodeIgniter->run()
ERROR - 2024-02-07 03:24:30 --> mysqli_sql_exception: Unknown column 'pd.prod_id' in 'where clause' in C:\xampp\htdocs\examen\system\Database\MySQLi\Connection.php:306
Stack trace:
#0 C:\xampp\htdocs\examen\system\Database\MySQLi\Connection.php(306): mysqli->query('DELETE FROM `tb...', 0)
#1 C:\xampp\htdocs\examen\system\Database\BaseConnection.php(693): CodeIgniter\Database\MySQLi\Connection->execute('DELETE FROM `tb...')
#2 C:\xampp\htdocs\examen\system\Database\BaseConnection.php(607): CodeIgniter\Database\BaseConnection->simpleQuery('DELETE FROM `tb...')
#3 C:\xampp\htdocs\examen\system\Database\BaseBuilder.php(2787): CodeIgniter\Database\BaseConnection->query('DELETE FROM `tb...', Array, false)
#4 C:\xampp\htdocs\examen\app\Models\modeloProductos.php(34): CodeIgniter\Database\BaseBuilder->delete()
#5 C:\xampp\htdocs\examen\app\Controllers\Home.php(49): App\Models\modeloProductos->eliminarProducto('11')
#6 C:\xampp\htdocs\examen\system\CodeIgniter.php(941): App\Controllers\Home->eliminar('11')
#7 C:\xampp\htdocs\examen\system\CodeIgniter.php(502): CodeIgniter\CodeIgniter->runController(Object(App\Controllers\Home))
#8 C:\xampp\htdocs\examen\system\CodeIgniter.php(361): CodeIgniter\CodeIgniter->handleRequest(NULL, Object(Config\Cache), false)
#9 C:\xampp\htdocs\examen\index.php(79): CodeIgniter\CodeIgniter->run()
#10 {main}
CRITICAL - 2024-02-07 03:24:30 --> CodeIgniter\Database\Exceptions\DatabaseException: Unknown column 'pd.prod_id' in 'where clause'
in SYSTEMPATH\Database\BaseConnection.php on line 647.
 1 SYSTEMPATH\Database\BaseBuilder.php(2787): CodeIgniter\Database\BaseConnection->query('DELETE FROM `tbl_productos`
WHERE `pd`.`prod_id` = :pd.prod_id:', [...], false)
 2 APPPATH\Models\modeloProductos.php(34): CodeIgniter\Database\BaseBuilder->delete()
 3 APPPATH\Controllers\Home.php(49): App\Models\modeloProductos->eliminarProducto('11')
 4 SYSTEMPATH\CodeIgniter.php(941): App\Controllers\Home->eliminar('11')
 5 SYSTEMPATH\CodeIgniter.php(502): CodeIgniter\CodeIgniter->runController(Object(App\Controllers\Home))
 6 SYSTEMPATH\CodeIgniter.php(361): CodeIgniter\CodeIgniter->handleRequest(null, Object(Config\Cache), false)
 7 FCPATH\index.php(79): CodeIgniter\CodeIgniter->run()
CRITICAL - 2024-02-07 03:24:30 --> [Caused by] CodeIgniter\Database\Exceptions\DatabaseException: Unknown column 'pd.prod_id' in 'where clause'
in SYSTEMPATH\Database\MySQLi\Connection.php on line 311.
 1 SYSTEMPATH\Database\BaseConnection.php(693): CodeIgniter\Database\MySQLi\Connection->execute('DELETE FROM `tbl_productos`
WHERE `pd`.`prod_id` = \'11\'')
 2 SYSTEMPATH\Database\BaseConnection.php(607): CodeIgniter\Database\BaseConnection->simpleQuery('DELETE FROM `tbl_productos`
WHERE `pd`.`prod_id` = \'11\'')
 3 SYSTEMPATH\Database\BaseBuilder.php(2787): CodeIgniter\Database\BaseConnection->query('DELETE FROM `tbl_productos`
WHERE `pd`.`prod_id` = :pd.prod_id:', [...], false)
 4 APPPATH\Models\modeloProductos.php(34): CodeIgniter\Database\BaseBuilder->delete()
 5 APPPATH\Controllers\Home.php(49): App\Models\modeloProductos->eliminarProducto('11')
 6 SYSTEMPATH\CodeIgniter.php(941): App\Controllers\Home->eliminar('11')
 7 SYSTEMPATH\CodeIgniter.php(502): CodeIgniter\CodeIgniter->runController(Object(App\Controllers\Home))
 8 SYSTEMPATH\CodeIgniter.php(361): CodeIgniter\CodeIgniter->handleRequest(null, Object(Config\Cache), false)
 9 FCPATH\index.php(79): CodeIgniter\CodeIgniter->run()
CRITICAL - 2024-02-07 03:24:30 --> [Caused by] mysqli_sql_exception: Unknown column 'pd.prod_id' in 'where clause'
in SYSTEMPATH\Database\MySQLi\Connection.php on line 306.
 1 SYSTEMPATH\Database\MySQLi\Connection.php(306): mysqli->query('DELETE FROM `tbl_productos`
WHERE `pd`.`prod_id` = \'11\'', 0)
 2 SYSTEMPATH\Database\BaseConnection.php(693): CodeIgniter\Database\MySQLi\Connection->execute('DELETE FROM `tbl_productos`
WHERE `pd`.`prod_id` = \'11\'')
 3 SYSTEMPATH\Database\BaseConnection.php(607): CodeIgniter\Database\BaseConnection->simpleQuery('DELETE FROM `tbl_productos`
WHERE `pd`.`prod_id` = \'11\'')
 4 SYSTEMPATH\Database\BaseBuilder.php(2787): CodeIgniter\Database\BaseConnection->query('DELETE FROM `tbl_productos`
WHERE `pd`.`prod_id` = :pd.prod_id:', [...], false)
 5 APPPATH\Models\modeloProductos.php(34): CodeIgniter\Database\BaseBuilder->delete()
 6 APPPATH\Controllers\Home.php(49): App\Models\modeloProductos->eliminarProducto('11')
 7 SYSTEMPATH\CodeIgniter.php(941): App\Controllers\Home->eliminar('11')
 8 SYSTEMPATH\CodeIgniter.php(502): CodeIgniter\CodeIgniter->runController(Object(App\Controllers\Home))
 9 SYSTEMPATH\CodeIgniter.php(361): CodeIgniter\CodeIgniter->handleRequest(null, Object(Config\Cache), false)
10 FCPATH\index.php(79): CodeIgniter\CodeIgniter->run()
ERROR - 2024-02-07 03:29:06 --> mysqli_sql_exception: Unknown column 'pd.prod_id' in 'where clause' in C:\xampp\htdocs\examen\system\Database\MySQLi\Connection.php:306
Stack trace:
#0 C:\xampp\htdocs\examen\system\Database\MySQLi\Connection.php(306): mysqli->query('DELETE FROM `tb...', 0)
#1 C:\xampp\htdocs\examen\system\Database\BaseConnection.php(693): CodeIgniter\Database\MySQLi\Connection->execute('DELETE FROM `tb...')
#2 C:\xampp\htdocs\examen\system\Database\BaseConnection.php(607): CodeIgniter\Database\BaseConnection->simpleQuery('DELETE FROM `tb...')
#3 C:\xampp\htdocs\examen\system\Database\BaseBuilder.php(2787): CodeIgniter\Database\BaseConnection->query('DELETE FROM `tb...', Array, false)
#4 C:\xampp\htdocs\examen\app\Models\modeloProductos.php(34): CodeIgniter\Database\BaseBuilder->delete()
#5 C:\xampp\htdocs\examen\app\Controllers\Home.php(49): App\Models\modeloProductos->eliminarProducto('11')
#6 C:\xampp\htdocs\examen\system\CodeIgniter.php(941): App\Controllers\Home->eliminar('11')
#7 C:\xampp\htdocs\examen\system\CodeIgniter.php(502): CodeIgniter\CodeIgniter->runController(Object(App\Controllers\Home))
#8 C:\xampp\htdocs\examen\system\CodeIgniter.php(361): CodeIgniter\CodeIgniter->handleRequest(NULL, Object(Config\Cache), false)
#9 C:\xampp\htdocs\examen\index.php(79): CodeIgniter\CodeIgniter->run()
#10 {main}
CRITICAL - 2024-02-07 03:29:06 --> CodeIgniter\Database\Exceptions\DatabaseException: Unknown column 'pd.prod_id' in 'where clause'
in SYSTEMPATH\Database\BaseConnection.php on line 647.
 1 SYSTEMPATH\Database\BaseBuilder.php(2787): CodeIgniter\Database\BaseConnection->query('DELETE FROM `tbl_productos`
WHERE `pd`.`prod_id` = :pd.prod_id:', [...], false)
 2 APPPATH\Models\modeloProductos.php(34): CodeIgniter\Database\BaseBuilder->delete()
 3 APPPATH\Controllers\Home.php(49): App\Models\modeloProductos->eliminarProducto('11')
 4 SYSTEMPATH\CodeIgniter.php(941): App\Controllers\Home->eliminar('11')
 5 SYSTEMPATH\CodeIgniter.php(502): CodeIgniter\CodeIgniter->runController(Object(App\Controllers\Home))
 6 SYSTEMPATH\CodeIgniter.php(361): CodeIgniter\CodeIgniter->handleRequest(null, Object(Config\Cache), false)
 7 FCPATH\index.php(79): CodeIgniter\CodeIgniter->run()
CRITICAL - 2024-02-07 03:29:06 --> [Caused by] CodeIgniter\Database\Exceptions\DatabaseException: Unknown column 'pd.prod_id' in 'where clause'
in SYSTEMPATH\Database\MySQLi\Connection.php on line 311.
 1 SYSTEMPATH\Database\BaseConnection.php(693): CodeIgniter\Database\MySQLi\Connection->execute('DELETE FROM `tbl_productos`
WHERE `pd`.`prod_id` = \'11\'')
 2 SYSTEMPATH\Database\BaseConnection.php(607): CodeIgniter\Database\BaseConnection->simpleQuery('DELETE FROM `tbl_productos`
WHERE `pd`.`prod_id` = \'11\'')
 3 SYSTEMPATH\Database\BaseBuilder.php(2787): CodeIgniter\Database\BaseConnection->query('DELETE FROM `tbl_productos`
WHERE `pd`.`prod_id` = :pd.prod_id:', [...], false)
 4 APPPATH\Models\modeloProductos.php(34): CodeIgniter\Database\BaseBuilder->delete()
 5 APPPATH\Controllers\Home.php(49): App\Models\modeloProductos->eliminarProducto('11')
 6 SYSTEMPATH\CodeIgniter.php(941): App\Controllers\Home->eliminar('11')
 7 SYSTEMPATH\CodeIgniter.php(502): CodeIgniter\CodeIgniter->runController(Object(App\Controllers\Home))
 8 SYSTEMPATH\CodeIgniter.php(361): CodeIgniter\CodeIgniter->handleRequest(null, Object(Config\Cache), false)
 9 FCPATH\index.php(79): CodeIgniter\CodeIgniter->run()
CRITICAL - 2024-02-07 03:29:06 --> [Caused by] mysqli_sql_exception: Unknown column 'pd.prod_id' in 'where clause'
in SYSTEMPATH\Database\MySQLi\Connection.php on line 306.
 1 SYSTEMPATH\Database\MySQLi\Connection.php(306): mysqli->query('DELETE FROM `tbl_productos`
WHERE `pd`.`prod_id` = \'11\'', 0)
 2 SYSTEMPATH\Database\BaseConnection.php(693): CodeIgniter\Database\MySQLi\Connection->execute('DELETE FROM `tbl_productos`
WHERE `pd`.`prod_id` = \'11\'')
 3 SYSTEMPATH\Database\BaseConnection.php(607): CodeIgniter\Database\BaseConnection->simpleQuery('DELETE FROM `tbl_productos`
WHERE `pd`.`prod_id` = \'11\'')
 4 SYSTEMPATH\Database\BaseBuilder.php(2787): CodeIgniter\Database\BaseConnection->query('DELETE FROM `tbl_productos`
WHERE `pd`.`prod_id` = :pd.prod_id:', [...], false)
 5 APPPATH\Models\modeloProductos.php(34): CodeIgniter\Database\BaseBuilder->delete()
 6 APPPATH\Controllers\Home.php(49): App\Models\modeloProductos->eliminarProducto('11')
 7 SYSTEMPATH\CodeIgniter.php(941): App\Controllers\Home->eliminar('11')
 8 SYSTEMPATH\CodeIgniter.php(502): CodeIgniter\CodeIgniter->runController(Object(App\Controllers\Home))
 9 SYSTEMPATH\CodeIgniter.php(361): CodeIgniter\CodeIgniter->handleRequest(null, Object(Config\Cache), false)
10 FCPATH\index.php(79): CodeIgniter\CodeIgniter->run()
ERROR - 2024-02-07 03:30:53 --> mysqli_sql_exception: Unknown column 'pd.prod_id' in 'where clause' in C:\xampp\htdocs\examen\system\Database\MySQLi\Connection.php:306
Stack trace:
#0 C:\xampp\htdocs\examen\system\Database\MySQLi\Connection.php(306): mysqli->query('DELETE FROM `tb...', 0)
#1 C:\xampp\htdocs\examen\system\Database\BaseConnection.php(693): CodeIgniter\Database\MySQLi\Connection->execute('DELETE FROM `tb...')
#2 C:\xampp\htdocs\examen\system\Database\BaseConnection.php(607): CodeIgniter\Database\BaseConnection->simpleQuery('DELETE FROM `tb...')
#3 C:\xampp\htdocs\examen\system\Database\BaseBuilder.php(2787): CodeIgniter\Database\BaseConnection->query('DELETE FROM `tb...', Array, false)
#4 C:\xampp\htdocs\examen\app\Models\modeloProductos.php(34): CodeIgniter\Database\BaseBuilder->delete()
#5 C:\xampp\htdocs\examen\app\Controllers\Home.php(49): App\Models\modeloProductos->eliminarProducto('11')
#6 C:\xampp\htdocs\examen\system\CodeIgniter.php(941): App\Controllers\Home->eliminar('11')
#7 C:\xampp\htdocs\examen\system\CodeIgniter.php(502): CodeIgniter\CodeIgniter->runController(Object(App\Controllers\Home))
#8 C:\xampp\htdocs\examen\system\CodeIgniter.php(361): CodeIgniter\CodeIgniter->handleRequest(NULL, Object(Config\Cache), false)
#9 C:\xampp\htdocs\examen\index.php(79): CodeIgniter\CodeIgniter->run()
#10 {main}
CRITICAL - 2024-02-07 03:30:53 --> CodeIgniter\Database\Exceptions\DatabaseException: Unknown column 'pd.prod_id' in 'where clause'
in SYSTEMPATH\Database\BaseConnection.php on line 647.
 1 SYSTEMPATH\Database\BaseBuilder.php(2787): CodeIgniter\Database\BaseConnection->query('DELETE FROM `tbl_productos`
WHERE `pd`.`prod_id` = :pd.prod_id:', [...], false)
 2 APPPATH\Models\modeloProductos.php(34): CodeIgniter\Database\BaseBuilder->delete()
 3 APPPATH\Controllers\Home.php(49): App\Models\modeloProductos->eliminarProducto('11')
 4 SYSTEMPATH\CodeIgniter.php(941): App\Controllers\Home->eliminar('11')
 5 SYSTEMPATH\CodeIgniter.php(502): CodeIgniter\CodeIgniter->runController(Object(App\Controllers\Home))
 6 SYSTEMPATH\CodeIgniter.php(361): CodeIgniter\CodeIgniter->handleRequest(null, Object(Config\Cache), false)
 7 FCPATH\index.php(79): CodeIgniter\CodeIgniter->run()
CRITICAL - 2024-02-07 03:30:53 --> [Caused by] CodeIgniter\Database\Exceptions\DatabaseException: Unknown column 'pd.prod_id' in 'where clause'
in SYSTEMPATH\Database\MySQLi\Connection.php on line 311.
 1 SYSTEMPATH\Database\BaseConnection.php(693): CodeIgniter\Database\MySQLi\Connection->execute('DELETE FROM `tbl_productos`
WHERE `pd`.`prod_id` = \'11\'')
 2 SYSTEMPATH\Database\BaseConnection.php(607): CodeIgniter\Database\BaseConnection->simpleQuery('DELETE FROM `tbl_productos`
WHERE `pd`.`prod_id` = \'11\'')
 3 SYSTEMPATH\Database\BaseBuilder.php(2787): CodeIgniter\Database\BaseConnection->query('DELETE FROM `tbl_productos`
WHERE `pd`.`prod_id` = :pd.prod_id:', [...], false)
 4 APPPATH\Models\modeloProductos.php(34): CodeIgniter\Database\BaseBuilder->delete()
 5 APPPATH\Controllers\Home.php(49): App\Models\modeloProductos->eliminarProducto('11')
 6 SYSTEMPATH\CodeIgniter.php(941): App\Controllers\Home->eliminar('11')
 7 SYSTEMPATH\CodeIgniter.php(502): CodeIgniter\CodeIgniter->runController(Object(App\Controllers\Home))
 8 SYSTEMPATH\CodeIgniter.php(361): CodeIgniter\CodeIgniter->handleRequest(null, Object(Config\Cache), false)
 9 FCPATH\index.php(79): CodeIgniter\CodeIgniter->run()
CRITICAL - 2024-02-07 03:30:53 --> [Caused by] mysqli_sql_exception: Unknown column 'pd.prod_id' in 'where clause'
in SYSTEMPATH\Database\MySQLi\Connection.php on line 306.
 1 SYSTEMPATH\Database\MySQLi\Connection.php(306): mysqli->query('DELETE FROM `tbl_productos`
WHERE `pd`.`prod_id` = \'11\'', 0)
 2 SYSTEMPATH\Database\BaseConnection.php(693): CodeIgniter\Database\MySQLi\Connection->execute('DELETE FROM `tbl_productos`
WHERE `pd`.`prod_id` = \'11\'')
 3 SYSTEMPATH\Database\BaseConnection.php(607): CodeIgniter\Database\BaseConnection->simpleQuery('DELETE FROM `tbl_productos`
WHERE `pd`.`prod_id` = \'11\'')
 4 SYSTEMPATH\Database\BaseBuilder.php(2787): CodeIgniter\Database\BaseConnection->query('DELETE FROM `tbl_productos`
WHERE `pd`.`prod_id` = :pd.prod_id:', [...], false)
 5 APPPATH\Models\modeloProductos.php(34): CodeIgniter\Database\BaseBuilder->delete()
 6 APPPATH\Controllers\Home.php(49): App\Models\modeloProductos->eliminarProducto('11')
 7 SYSTEMPATH\CodeIgniter.php(941): App\Controllers\Home->eliminar('11')
 8 SYSTEMPATH\CodeIgniter.php(502): CodeIgniter\CodeIgniter->runController(Object(App\Controllers\Home))
 9 SYSTEMPATH\CodeIgniter.php(361): CodeIgniter\CodeIgniter->handleRequest(null, Object(Config\Cache), false)
10 FCPATH\index.php(79): CodeIgniter\CodeIgniter->run()
ERROR - 2024-02-07 03:40:34 --> mysqli_sql_exception: Unknown column 'pd.prod_id' in 'where clause' in C:\xampp\htdocs\examen\system\Database\MySQLi\Connection.php:306
Stack trace:
#0 C:\xampp\htdocs\examen\system\Database\MySQLi\Connection.php(306): mysqli->query('DELETE FROM `tb...', 0)
#1 C:\xampp\htdocs\examen\system\Database\BaseConnection.php(693): CodeIgniter\Database\MySQLi\Connection->execute('DELETE FROM `tb...')
#2 C:\xampp\htdocs\examen\system\Database\BaseConnection.php(607): CodeIgniter\Database\BaseConnection->simpleQuery('DELETE FROM `tb...')
#3 C:\xampp\htdocs\examen\system\Database\BaseBuilder.php(2787): CodeIgniter\Database\BaseConnection->query('DELETE FROM `tb...', Array, false)
#4 C:\xampp\htdocs\examen\app\Models\modeloProductos.php(38): CodeIgniter\Database\BaseBuilder->delete()
#5 C:\xampp\htdocs\examen\app\Controllers\Home.php(49): App\Models\modeloProductos->eliminarProducto('12')
#6 C:\xampp\htdocs\examen\system\CodeIgniter.php(941): App\Controllers\Home->eliminar('12')
#7 C:\xampp\htdocs\examen\system\CodeIgniter.php(502): CodeIgniter\CodeIgniter->runController(Object(App\Controllers\Home))
#8 C:\xampp\htdocs\examen\system\CodeIgniter.php(361): CodeIgniter\CodeIgniter->handleRequest(NULL, Object(Config\Cache), false)
#9 C:\xampp\htdocs\examen\index.php(79): CodeIgniter\CodeIgniter->run()
#10 {main}
CRITICAL - 2024-02-07 03:40:34 --> CodeIgniter\Database\Exceptions\DatabaseException: Unknown column 'pd.prod_id' in 'where clause'
in SYSTEMPATH\Database\BaseConnection.php on line 647.
 1 SYSTEMPATH\Database\BaseBuilder.php(2787): CodeIgniter\Database\BaseConnection->query('DELETE FROM `tbl_productos`
WHERE `pd`.`prod_id` = :pd.prod_id:', [...], false)
 2 APPPATH\Models\modeloProductos.php(38): CodeIgniter\Database\BaseBuilder->delete()
 3 APPPATH\Controllers\Home.php(49): App\Models\modeloProductos->eliminarProducto('12')
 4 SYSTEMPATH\CodeIgniter.php(941): App\Controllers\Home->eliminar('12')
 5 SYSTEMPATH\CodeIgniter.php(502): CodeIgniter\CodeIgniter->runController(Object(App\Controllers\Home))
 6 SYSTEMPATH\CodeIgniter.php(361): CodeIgniter\CodeIgniter->handleRequest(null, Object(Config\Cache), false)
 7 FCPATH\index.php(79): CodeIgniter\CodeIgniter->run()
CRITICAL - 2024-02-07 03:40:34 --> [Caused by] CodeIgniter\Database\Exceptions\DatabaseException: Unknown column 'pd.prod_id' in 'where clause'
in SYSTEMPATH\Database\MySQLi\Connection.php on line 311.
 1 SYSTEMPATH\Database\BaseConnection.php(693): CodeIgniter\Database\MySQLi\Connection->execute('DELETE FROM `tbl_productos`
WHERE `pd`.`prod_id` = \'12\'')
 2 SYSTEMPATH\Database\BaseConnection.php(607): CodeIgniter\Database\BaseConnection->simpleQuery('DELETE FROM `tbl_productos`
WHERE `pd`.`prod_id` = \'12\'')
 3 SYSTEMPATH\Database\BaseBuilder.php(2787): CodeIgniter\Database\BaseConnection->query('DELETE FROM `tbl_productos`
WHERE `pd`.`prod_id` = :pd.prod_id:', [...], false)
 4 APPPATH\Models\modeloProductos.php(38): CodeIgniter\Database\BaseBuilder->delete()
 5 APPPATH\Controllers\Home.php(49): App\Models\modeloProductos->eliminarProducto('12')
 6 SYSTEMPATH\CodeIgniter.php(941): App\Controllers\Home->eliminar('12')
 7 SYSTEMPATH\CodeIgniter.php(502): CodeIgniter\CodeIgniter->runController(Object(App\Controllers\Home))
 8 SYSTEMPATH\CodeIgniter.php(361): CodeIgniter\CodeIgniter->handleRequest(null, Object(Config\Cache), false)
 9 FCPATH\index.php(79): CodeIgniter\CodeIgniter->run()
CRITICAL - 2024-02-07 03:40:34 --> [Caused by] mysqli_sql_exception: Unknown column 'pd.prod_id' in 'where clause'
in SYSTEMPATH\Database\MySQLi\Connection.php on line 306.
 1 SYSTEMPATH\Database\MySQLi\Connection.php(306): mysqli->query('DELETE FROM `tbl_productos`
WHERE `pd`.`prod_id` = \'12\'', 0)
 2 SYSTEMPATH\Database\BaseConnection.php(693): CodeIgniter\Database\MySQLi\Connection->execute('DELETE FROM `tbl_productos`
WHERE `pd`.`prod_id` = \'12\'')
 3 SYSTEMPATH\Database\BaseConnection.php(607): CodeIgniter\Database\BaseConnection->simpleQuery('DELETE FROM `tbl_productos`
WHERE `pd`.`prod_id` = \'12\'')
 4 SYSTEMPATH\Database\BaseBuilder.php(2787): CodeIgniter\Database\BaseConnection->query('DELETE FROM `tbl_productos`
WHERE `pd`.`prod_id` = :pd.prod_id:', [...], false)
 5 APPPATH\Models\modeloProductos.php(38): CodeIgniter\Database\BaseBuilder->delete()
 6 APPPATH\Controllers\Home.php(49): App\Models\modeloProductos->eliminarProducto('12')
 7 SYSTEMPATH\CodeIgniter.php(941): App\Controllers\Home->eliminar('12')
 8 SYSTEMPATH\CodeIgniter.php(502): CodeIgniter\CodeIgniter->runController(Object(App\Controllers\Home))
 9 SYSTEMPATH\CodeIgniter.php(361): CodeIgniter\CodeIgniter->handleRequest(null, Object(Config\Cache), false)
10 FCPATH\index.php(79): CodeIgniter\CodeIgniter->run()
ERROR - 2024-02-07 03:41:25 --> mysqli_sql_exception: Unknown column 'pd.PROD_ID' in 'where clause' in C:\xampp\htdocs\examen\system\Database\MySQLi\Connection.php:306
Stack trace:
#0 C:\xampp\htdocs\examen\system\Database\MySQLi\Connection.php(306): mysqli->query('DELETE FROM `tb...', 0)
#1 C:\xampp\htdocs\examen\system\Database\BaseConnection.php(693): CodeIgniter\Database\MySQLi\Connection->execute('DELETE FROM `tb...')
#2 C:\xampp\htdocs\examen\system\Database\BaseConnection.php(607): CodeIgniter\Database\BaseConnection->simpleQuery('DELETE FROM `tb...')
#3 C:\xampp\htdocs\examen\system\Database\BaseBuilder.php(2787): CodeIgniter\Database\BaseConnection->query('DELETE FROM `tb...', Array, false)
#4 C:\xampp\htdocs\examen\app\Models\modeloProductos.php(38): CodeIgniter\Database\BaseBuilder->delete()
#5 C:\xampp\htdocs\examen\app\Controllers\Home.php(49): App\Models\modeloProductos->eliminarProducto('12')
#6 C:\xampp\htdocs\examen\system\CodeIgniter.php(941): App\Controllers\Home->eliminar('12')
#7 C:\xampp\htdocs\examen\system\CodeIgniter.php(502): CodeIgniter\CodeIgniter->runController(Object(App\Controllers\Home))
#8 C:\xampp\htdocs\examen\system\CodeIgniter.php(361): CodeIgniter\CodeIgniter->handleRequest(NULL, Object(Config\Cache), false)
#9 C:\xampp\htdocs\examen\index.php(79): CodeIgniter\CodeIgniter->run()
#10 {main}
CRITICAL - 2024-02-07 03:41:25 --> CodeIgniter\Database\Exceptions\DatabaseException: Unknown column 'pd.PROD_ID' in 'where clause'
in SYSTEMPATH\Database\BaseConnection.php on line 647.
 1 SYSTEMPATH\Database\BaseBuilder.php(2787): CodeIgniter\Database\BaseConnection->query('DELETE FROM `tbl_productos`
WHERE `pd`.`PROD_ID` = :pd.PROD_ID:', [...], false)
 2 APPPATH\Models\modeloProductos.php(38): CodeIgniter\Database\BaseBuilder->delete()
 3 APPPATH\Controllers\Home.php(49): App\Models\modeloProductos->eliminarProducto('12')
 4 SYSTEMPATH\CodeIgniter.php(941): App\Controllers\Home->eliminar('12')
 5 SYSTEMPATH\CodeIgniter.php(502): CodeIgniter\CodeIgniter->runController(Object(App\Controllers\Home))
 6 SYSTEMPATH\CodeIgniter.php(361): CodeIgniter\CodeIgniter->handleRequest(null, Object(Config\Cache), false)
 7 FCPATH\index.php(79): CodeIgniter\CodeIgniter->run()
CRITICAL - 2024-02-07 03:41:25 --> [Caused by] CodeIgniter\Database\Exceptions\DatabaseException: Unknown column 'pd.PROD_ID' in 'where clause'
in SYSTEMPATH\Database\MySQLi\Connection.php on line 311.
 1 SYSTEMPATH\Database\BaseConnection.php(693): CodeIgniter\Database\MySQLi\Connection->execute('DELETE FROM `tbl_productos`
WHERE `pd`.`PROD_ID` = \'12\'')
 2 SYSTEMPATH\Database\BaseConnection.php(607): CodeIgniter\Database\BaseConnection->simpleQuery('DELETE FROM `tbl_productos`
WHERE `pd`.`PROD_ID` = \'12\'')
 3 SYSTEMPATH\Database\BaseBuilder.php(2787): CodeIgniter\Database\BaseConnection->query('DELETE FROM `tbl_productos`
WHERE `pd`.`PROD_ID` = :pd.PROD_ID:', [...], false)
 4 APPPATH\Models\modeloProductos.php(38): CodeIgniter\Database\BaseBuilder->delete()
 5 APPPATH\Controllers\Home.php(49): App\Models\modeloProductos->eliminarProducto('12')
 6 SYSTEMPATH\CodeIgniter.php(941): App\Controllers\Home->eliminar('12')
 7 SYSTEMPATH\CodeIgniter.php(502): CodeIgniter\CodeIgniter->runController(Object(App\Controllers\Home))
 8 SYSTEMPATH\CodeIgniter.php(361): CodeIgniter\CodeIgniter->handleRequest(null, Object(Config\Cache), false)
 9 FCPATH\index.php(79): CodeIgniter\CodeIgniter->run()
CRITICAL - 2024-02-07 03:41:25 --> [Caused by] mysqli_sql_exception: Unknown column 'pd.PROD_ID' in 'where clause'
in SYSTEMPATH\Database\MySQLi\Connection.php on line 306.
 1 SYSTEMPATH\Database\MySQLi\Connection.php(306): mysqli->query('DELETE FROM `tbl_productos`
WHERE `pd`.`PROD_ID` = \'12\'', 0)
 2 SYSTEMPATH\Database\BaseConnection.php(693): CodeIgniter\Database\MySQLi\Connection->execute('DELETE FROM `tbl_productos`
WHERE `pd`.`PROD_ID` = \'12\'')
 3 SYSTEMPATH\Database\BaseConnection.php(607): CodeIgniter\Database\BaseConnection->simpleQuery('DELETE FROM `tbl_productos`
WHERE `pd`.`PROD_ID` = \'12\'')
 4 SYSTEMPATH\Database\BaseBuilder.php(2787): CodeIgniter\Database\BaseConnection->query('DELETE FROM `tbl_productos`
WHERE `pd`.`PROD_ID` = :pd.PROD_ID:', [...], false)
 5 APPPATH\Models\modeloProductos.php(38): CodeIgniter\Database\BaseBuilder->delete()
 6 APPPATH\Controllers\Home.php(49): App\Models\modeloProductos->eliminarProducto('12')
 7 SYSTEMPATH\CodeIgniter.php(941): App\Controllers\Home->eliminar('12')
 8 SYSTEMPATH\CodeIgniter.php(502): CodeIgniter\CodeIgniter->runController(Object(App\Controllers\Home))
 9 SYSTEMPATH\CodeIgniter.php(361): CodeIgniter\CodeIgniter->handleRequest(null, Object(Config\Cache), false)
10 FCPATH\index.php(79): CodeIgniter\CodeIgniter->run()
ERROR - 2024-02-07 03:41:29 --> mysqli_sql_exception: Unknown column 'pd.PROD_ID' in 'where clause' in C:\xampp\htdocs\examen\system\Database\MySQLi\Connection.php:306
Stack trace:
#0 C:\xampp\htdocs\examen\system\Database\MySQLi\Connection.php(306): mysqli->query('DELETE FROM `tb...', 0)
#1 C:\xampp\htdocs\examen\system\Database\BaseConnection.php(693): CodeIgniter\Database\MySQLi\Connection->execute('DELETE FROM `tb...')
#2 C:\xampp\htdocs\examen\system\Database\BaseConnection.php(607): CodeIgniter\Database\BaseConnection->simpleQuery('DELETE FROM `tb...')
#3 C:\xampp\htdocs\examen\system\Database\BaseBuilder.php(2787): CodeIgniter\Database\BaseConnection->query('DELETE FROM `tb...', Array, false)
#4 C:\xampp\htdocs\examen\app\Models\modeloProductos.php(38): CodeIgniter\Database\BaseBuilder->delete()
#5 C:\xampp\htdocs\examen\app\Controllers\Home.php(49): App\Models\modeloProductos->eliminarProducto('12')
#6 C:\xampp\htdocs\examen\system\CodeIgniter.php(941): App\Controllers\Home->eliminar('12')
#7 C:\xampp\htdocs\examen\system\CodeIgniter.php(502): CodeIgniter\CodeIgniter->runController(Object(App\Controllers\Home))
#8 C:\xampp\htdocs\examen\system\CodeIgniter.php(361): CodeIgniter\CodeIgniter->handleRequest(NULL, Object(Config\Cache), false)
#9 C:\xampp\htdocs\examen\index.php(79): CodeIgniter\CodeIgniter->run()
#10 {main}
CRITICAL - 2024-02-07 03:41:29 --> CodeIgniter\Database\Exceptions\DatabaseException: Unknown column 'pd.PROD_ID' in 'where clause'
in SYSTEMPATH\Database\BaseConnection.php on line 647.
 1 SYSTEMPATH\Database\BaseBuilder.php(2787): CodeIgniter\Database\BaseConnection->query('DELETE FROM `tbl_productos`
WHERE `pd`.`PROD_ID` = :pd.PROD_ID:', [...], false)
 2 APPPATH\Models\modeloProductos.php(38): CodeIgniter\Database\BaseBuilder->delete()
 3 APPPATH\Controllers\Home.php(49): App\Models\modeloProductos->eliminarProducto('12')
 4 SYSTEMPATH\CodeIgniter.php(941): App\Controllers\Home->eliminar('12')
 5 SYSTEMPATH\CodeIgniter.php(502): CodeIgniter\CodeIgniter->runController(Object(App\Controllers\Home))
 6 SYSTEMPATH\CodeIgniter.php(361): CodeIgniter\CodeIgniter->handleRequest(null, Object(Config\Cache), false)
 7 FCPATH\index.php(79): CodeIgniter\CodeIgniter->run()
CRITICAL - 2024-02-07 03:41:29 --> [Caused by] CodeIgniter\Database\Exceptions\DatabaseException: Unknown column 'pd.PROD_ID' in 'where clause'
in SYSTEMPATH\Database\MySQLi\Connection.php on line 311.
 1 SYSTEMPATH\Database\BaseConnection.php(693): CodeIgniter\Database\MySQLi\Connection->execute('DELETE FROM `tbl_productos`
WHERE `pd`.`PROD_ID` = \'12\'')
 2 SYSTEMPATH\Database\BaseConnection.php(607): CodeIgniter\Database\BaseConnection->simpleQuery('DELETE FROM `tbl_productos`
WHERE `pd`.`PROD_ID` = \'12\'')
 3 SYSTEMPATH\Database\BaseBuilder.php(2787): CodeIgniter\Database\BaseConnection->query('DELETE FROM `tbl_productos`
WHERE `pd`.`PROD_ID` = :pd.PROD_ID:', [...], false)
 4 APPPATH\Models\modeloProductos.php(38): CodeIgniter\Database\BaseBuilder->delete()
 5 APPPATH\Controllers\Home.php(49): App\Models\modeloProductos->eliminarProducto('12')
 6 SYSTEMPATH\CodeIgniter.php(941): App\Controllers\Home->eliminar('12')
 7 SYSTEMPATH\CodeIgniter.php(502): CodeIgniter\CodeIgniter->runController(Object(App\Controllers\Home))
 8 SYSTEMPATH\CodeIgniter.php(361): CodeIgniter\CodeIgniter->handleRequest(null, Object(Config\Cache), false)
 9 FCPATH\index.php(79): CodeIgniter\CodeIgniter->run()
CRITICAL - 2024-02-07 03:41:29 --> [Caused by] mysqli_sql_exception: Unknown column 'pd.PROD_ID' in 'where clause'
in SYSTEMPATH\Database\MySQLi\Connection.php on line 306.
 1 SYSTEMPATH\Database\MySQLi\Connection.php(306): mysqli->query('DELETE FROM `tbl_productos`
WHERE `pd`.`PROD_ID` = \'12\'', 0)
 2 SYSTEMPATH\Database\BaseConnection.php(693): CodeIgniter\Database\MySQLi\Connection->execute('DELETE FROM `tbl_productos`
WHERE `pd`.`PROD_ID` = \'12\'')
 3 SYSTEMPATH\Database\BaseConnection.php(607): CodeIgniter\Database\BaseConnection->simpleQuery('DELETE FROM `tbl_productos`
WHERE `pd`.`PROD_ID` = \'12\'')
 4 SYSTEMPATH\Database\BaseBuilder.php(2787): CodeIgniter\Database\BaseConnection->query('DELETE FROM `tbl_productos`
WHERE `pd`.`PROD_ID` = :pd.PROD_ID:', [...], false)
 5 APPPATH\Models\modeloProductos.php(38): CodeIgniter\Database\BaseBuilder->delete()
 6 APPPATH\Controllers\Home.php(49): App\Models\modeloProductos->eliminarProducto('12')
 7 SYSTEMPATH\CodeIgniter.php(941): App\Controllers\Home->eliminar('12')
 8 SYSTEMPATH\CodeIgniter.php(502): CodeIgniter\CodeIgniter->runController(Object(App\Controllers\Home))
 9 SYSTEMPATH\CodeIgniter.php(361): CodeIgniter\CodeIgniter->handleRequest(null, Object(Config\Cache), false)
10 FCPATH\index.php(79): CodeIgniter\CodeIgniter->run()
CRITICAL - 2024-02-07 05:16:57 --> CodeIgniter\View\Exceptions\ViewException: Invalid file: "/.php"
in SYSTEMPATH\Exceptions\FrameworkException.php on line 39.
 1 SYSTEMPATH\View\View.php(216): CodeIgniter\Exceptions\FrameworkException::forInvalidFile('/.php')
 2 SYSTEMPATH\Common.php(1178): CodeIgniter\View\View->render('/', [], true)
 3 APPPATH\Controllers\Home.php(18): view('/', [...])
 4 SYSTEMPATH\CodeIgniter.php(941): App\Controllers\Home->index()
 5 SYSTEMPATH\CodeIgniter.php(502): CodeIgniter\CodeIgniter->runController(Object(App\Controllers\Home))
 6 SYSTEMPATH\CodeIgniter.php(361): CodeIgniter\CodeIgniter->handleRequest(null, Object(Config\Cache), false)
 7 FCPATH\index.php(79): CodeIgniter\CodeIgniter->run()
CRITICAL - 2024-02-07 05:17:06 --> CodeIgniter\View\Exceptions\ViewException: Invalid file: "/.php"
in SYSTEMPATH\Exceptions\FrameworkException.php on line 39.
 1 SYSTEMPATH\View\View.php(216): CodeIgniter\Exceptions\FrameworkException::forInvalidFile('/.php')
 2 SYSTEMPATH\Common.php(1178): CodeIgniter\View\View->render('/', [], true)
 3 APPPATH\Controllers\Home.php(18): view('/', [...])
 4 SYSTEMPATH\CodeIgniter.php(941): App\Controllers\Home->index()
 5 SYSTEMPATH\CodeIgniter.php(502): CodeIgniter\CodeIgniter->runController(Object(App\Controllers\Home))
 6 SYSTEMPATH\CodeIgniter.php(361): CodeIgniter\CodeIgniter->handleRequest(null, Object(Config\Cache), false)
 7 FCPATH\index.php(79): CodeIgniter\CodeIgniter->run()
